Assembler report for lRot_8bit
Fri Oct 20 16:40:28 2023
Quartus Prime Version 20.1.1 Build 720 11/11/2020 SJ Lite Edition


---------------------
; Table of Contents ;
---------------------
  1. Legal Notice
  2. Assembler Summary
  3. Assembler Settings
  4. Assembler Generated Files
  5. Assembler Device Options: lRot_8bit.sof
  6. Assembler Messages



----------------
; Legal Notice ;
----------------
Copyright (C) 2020  Intel Corporation. All rights reserved.
Your use of Intel Corporation's design tools, logic functions 
and other software and tools, and any partner logic 
functions, and any output files from any of the foregoing 
(including device programming or simulation files), and any 
associated documentation or information are expressly subject 
to the terms and conditions of the Intel Program License 
Subscription Agreement, the Intel Quartus Prime License Agreement,
the Intel FPGA IP License Agreement, or other applicable license
agreement, including, without limitation, that your use is for
the sole purpose of programming logic devices manufactured by
Intel and sold by Intel or its authorized distributors.  Please
refer to the applicable agreement for further details, at
https://fpgasoftware.intel.com/eula.



+---------------------------------------------------------------+
; Assembler Summary                                             ;
+-----------------------+---------------------------------------+
; Assembler Status      ; Successful - Fri Oct 20 16:40:28 2023 ;
; Revision Name         ; lRot_8bit                             ;
; Top-level Entity Name ; lRot_8bit                             ;
; Family                ; Cyclone V                             ;
; Device                ; 5CGXFC7C7F23C8                        ;
+-----------------------+---------------------------------------+


+----------------------------------+
; Assembler Settings               ;
+--------+---------+---------------+
; Option ; Setting ; Default Value ;
+--------+---------+---------------+


+--------------------------------------------------------------------------------------+
; Assembler Generated Files                                                            ;
+--------------------------------------------------------------------------------------+
; File Name                                                                            ;
+--------------------------------------------------------------------------------------+
; /home/goncalo/repos/aad/practical/vhdl_examples/lRot_8bit/output_files/lRot_8bit.sof ;
+--------------------------------------------------------------------------------------+


+-----------------------------------------+
; Assembler Device Options: lRot_8bit.sof ;
+----------------+------------------------+
; Option         ; Setting                ;
+----------------+------------------------+
; JTAG usercode  ; 0x00EC9DD2             ;
; Checksum       ; 0x00EC9DD2             ;
+----------------+------------------------+


+--------------------+
; Assembler Messages ;
+--------------------+
Info: *******************************************************************
Info: Running Quartus Prime Assembler
    Info: Version 20.1.1 Build 720 11/11/2020 SJ Lite Edition
    Info: Processing started: Fri Oct 20 16:40:23 2023
Info: Command: quartus_asm --read_settings_files=off --write_settings_files=off lRot_8bit -c lRot_8bit
Info (115030): Assembler is generating device programming files
Info: Quartus Prime Assembler was successful. 0 errors, 0 warnings
    Info: Peak virtual memory: 494 megabytes
    Info: Processing ended: Fri Oct 20 16:40:28 2023
    Info: Elapsed time: 00:00:05
    Info: Total CPU time (on all processors): 00:00:05


