Flow report for flipFlopD
Fri Oct 20 22:17:48 2023
Quartus Prime Version 20.1.1 Build 720 11/11/2020 SJ Lite Edition


---------------------
; Table of Contents ;
---------------------
  1. Legal Notice
  2. Flow Summary
  3. Flow Settings
  4. Flow Non-Default Global Settings
  5. Flow Elapsed Time
  6. Flow OS Summary
  7. Flow Log
  8. Flow Messages
  9. Flow Suppressed Messages



----------------
; Legal Notice ;
----------------
Copyright (C) 2020  Intel Corporation. All rights reserved.
Your use of Intel Corporation's design tools, logic functions 
and other software and tools, and any partner logic 
functions, and any output files from any of the foregoing 
(including device programming or simulation files), and any 
associated documentation or information are expressly subject 
to the terms and conditions of the Intel Program License 
Subscription Agreement, the Intel Quartus Prime License Agreement,
the Intel FPGA IP License Agreement, or other applicable license
agreement, including, without limitation, that your use is for
the sole purpose of programming logic devices manufactured by
Intel and sold by Intel or its authorized distributors.  Please
refer to the applicable agreement for further details, at
https://fpgasoftware.intel.com/eula.



+-------------------------------------------------------------------------------+
; Flow Summary                                                                  ;
+---------------------------------+---------------------------------------------+
; Flow Status                     ; Successful - Fri Oct 20 22:17:48 2023       ;
; Quartus Prime Version           ; 20.1.1 Build 720 11/11/2020 SJ Lite Edition ;
; Revision Name                   ; flipFlopD                                   ;
; Top-level Entity Name           ; flipFlopD                                   ;
; Family                          ; Cyclone V                                   ;
; Device                          ; 5CGXFC7C7F23C8                              ;
; Timing Models                   ; Final                                       ;
; Logic utilization (in ALMs)     ; 3 / 56,480 ( < 1 % )                        ;
; Total registers                 ; 0                                           ;
; Total pins                      ; 6 / 268 ( 2 % )                             ;
; Total virtual pins              ; 0                                           ;
; Total block memory bits         ; 0 / 7,024,640 ( 0 % )                       ;
; Total DSP Blocks                ; 0 / 156 ( 0 % )                             ;
; Total HSSI RX PCSs              ; 0 / 6 ( 0 % )                               ;
; Total HSSI PMA RX Deserializers ; 0 / 6 ( 0 % )                               ;
; Total HSSI TX PCSs              ; 0 / 6 ( 0 % )                               ;
; Total HSSI PMA TX Serializers   ; 0 / 6 ( 0 % )                               ;
; Total PLLs                      ; 0 / 13 ( 0 % )                              ;
; Total DLLs                      ; 0 / 4 ( 0 % )                               ;
+---------------------------------+---------------------------------------------+


+-----------------------------------------+
; Flow Settings                           ;
+-------------------+---------------------+
; Option            ; Setting             ;
+-------------------+---------------------+
; Start date & time ; 10/20/2023 16:19:20 ;
; Main task         ; Compilation         ;
; Revision Name     ; flipFlopD           ;
+-------------------+---------------------+


+------------------------------------------------------------------------------------------------------------------------------------------------+
; Flow Non-Default Global Settings                                                                                                               ;
+-------------------------------------+----------------------------------------+---------------+-------------+-----------------------------------+
; Assignment Name                     ; Value                                  ; Default Value ; Entity Name ; Section Id                        ;
+-------------------------------------+----------------------------------------+---------------+-------------+-----------------------------------+
; COMPILER_SIGNATURE_ID               ; 128193926641567.169781516045971        ; --            ; --          ; --                                ;
; EDA_GENERATE_FUNCTIONAL_NETLIST     ; Off                                    ; --            ; --          ; eda_board_design_timing           ;
; EDA_GENERATE_FUNCTIONAL_NETLIST     ; Off                                    ; --            ; --          ; eda_board_design_boundary_scan    ;
; EDA_GENERATE_FUNCTIONAL_NETLIST     ; Off                                    ; --            ; --          ; eda_board_design_signal_integrity ;
; EDA_GENERATE_FUNCTIONAL_NETLIST     ; Off                                    ; --            ; --          ; eda_board_design_symbol           ;
; EDA_OUTPUT_DATA_FORMAT              ; Vhdl                                   ; --            ; --          ; eda_simulation                    ;
; EDA_SIMULATION_TOOL                 ; ModelSim-Altera (VHDL)                 ; <None>        ; --          ; --                                ;
; EDA_TIME_SCALE                      ; 1 ps                                   ; --            ; --          ; eda_simulation                    ;
; MAX_CORE_JUNCTION_TEMP              ; 85                                     ; --            ; --          ; --                                ;
; MIN_CORE_JUNCTION_TEMP              ; 0                                      ; --            ; --          ; --                                ;
; NUM_PARALLEL_PROCESSORS             ; All                                    ; --            ; --          ; --                                ;
; PARTITION_COLOR                     ; -- (Not supported for targeted family) ; --            ; --          ; Top                               ;
; PARTITION_FITTER_PRESERVATION_LEVEL ; -- (Not supported for targeted family) ; --            ; --          ; Top                               ;
; PARTITION_NETLIST_TYPE              ; -- (Not supported for targeted family) ; --            ; --          ; Top                               ;
; POWER_BOARD_THERMAL_MODEL           ; None (CONSERVATIVE)                    ; --            ; --          ; --                                ;
; POWER_PRESET_COOLING_SOLUTION       ; 23 MM HEAT SINK WITH 200 LFPM AIRFLOW  ; --            ; --          ; --                                ;
; PROJECT_OUTPUT_DIRECTORY            ; output_files                           ; --            ; --          ; --                                ;
+-------------------------------------+----------------------------------------+---------------+-------------+-----------------------------------+


+--------------------------------------------------------------------------------------------------------------------------+
; Flow Elapsed Time                                                                                                        ;
+----------------------+--------------+-------------------------+---------------------+------------------------------------+
; Module Name          ; Elapsed Time ; Average Processors Used ; Peak Virtual Memory ; Total CPU Time (on all processors) ;
+----------------------+--------------+-------------------------+---------------------+------------------------------------+
; Analysis & Synthesis ; 00:00:06     ; 1.0                     ; 489 MB              ; 00:00:17                           ;
; Fitter               ; 00:00:17     ; 1.0                     ; 2769 MB             ; 00:00:54                           ;
; Assembler            ; 00:00:05     ; 1.0                     ; 500 MB              ; 00:00:05                           ;
; Timing Analyzer      ; 00:00:03     ; 1.1                     ; 972 MB              ; 00:00:03                           ;
; EDA Netlist Writer   ; 00:00:00     ; 1.0                     ; 673 MB              ; 00:00:00                           ;
; EDA Netlist Writer   ; 00:00:01     ; 1.0                     ; 670 MB              ; 00:00:01                           ;
; EDA Netlist Writer   ; 00:00:01     ; 1.0                     ; 674 MB              ; 00:00:00                           ;
; EDA Netlist Writer   ; 00:00:00     ; 1.0                     ; 669 MB              ; 00:00:01                           ;
; EDA Netlist Writer   ; 00:00:00     ; 1.0                     ; 674 MB              ; 00:00:00                           ;
; EDA Netlist Writer   ; 00:00:00     ; 1.0                     ; 669 MB              ; 00:00:01                           ;
; EDA Netlist Writer   ; 00:00:01     ; 1.0                     ; 674 MB              ; 00:00:00                           ;
; EDA Netlist Writer   ; 00:00:00     ; 1.0                     ; 669 MB              ; 00:00:01                           ;
; EDA Netlist Writer   ; 00:00:00     ; 1.0                     ; 674 MB              ; 00:00:00                           ;
; EDA Netlist Writer   ; 00:00:01     ; 1.0                     ; 669 MB              ; 00:00:01                           ;
; EDA Netlist Writer   ; 00:00:01     ; 1.0                     ; 674 MB              ; 00:00:01                           ;
; EDA Netlist Writer   ; 00:00:00     ; 1.0                     ; 669 MB              ; 00:00:00                           ;
; EDA Netlist Writer   ; 00:00:01     ; 1.0                     ; 674 MB              ; 00:00:00                           ;
; Total                ; 00:00:37     ; --                      ; --                  ; 00:01:25                           ;
+----------------------+--------------+-------------------------+---------------------+------------------------------------+


+-------------------------------------------------------------------------------------------------+
; Flow OS Summary                                                                                 ;
+----------------------+---------------------------+----------------+------------+----------------+
; Module Name          ; Machine Hostname          ; OS Name        ; OS Version ; Processor type ;
+----------------------+---------------------------+----------------+------------+----------------+
; Analysis & Synthesis ; goncalo-Yoga-Pro-7-14ARP8 ; Ubuntu 22.04.3 ; 22         ; x86_64         ;
; Fitter               ; goncalo-Yoga-Pro-7-14ARP8 ; Ubuntu 22.04.3 ; 22         ; x86_64         ;
; Assembler            ; goncalo-Yoga-Pro-7-14ARP8 ; Ubuntu 22.04.3 ; 22         ; x86_64         ;
; Timing Analyzer      ; goncalo-Yoga-Pro-7-14ARP8 ; Ubuntu 22.04.3 ; 22         ; x86_64         ;
; EDA Netlist Writer   ; goncalo-Yoga-Pro-7-14ARP8 ; Ubuntu 22.04.3 ; 22         ; x86_64         ;
; EDA Netlist Writer   ; goncalo-Yoga-Pro-7-14ARP8 ; Ubuntu 22.04.3 ; 22         ; x86_64         ;
; EDA Netlist Writer   ; goncalo-Yoga-Pro-7-14ARP8 ; Ubuntu 22.04.3 ; 22         ; x86_64         ;
; EDA Netlist Writer   ; goncalo-Yoga-Pro-7-14ARP8 ; Ubuntu 22.04.3 ; 22         ; x86_64         ;
; EDA Netlist Writer   ; goncalo-Yoga-Pro-7-14ARP8 ; Ubuntu 22.04.3 ; 22         ; x86_64         ;
; EDA Netlist Writer   ; goncalo-Yoga-Pro-7-14ARP8 ; Ubuntu 22.04.3 ; 22         ; x86_64         ;
; EDA Netlist Writer   ; goncalo-Yoga-Pro-7-14ARP8 ; Ubuntu 22.04.3 ; 22         ; x86_64         ;
; EDA Netlist Writer   ; goncalo-Yoga-Pro-7-14ARP8 ; Ubuntu 22.04.3 ; 22         ; x86_64         ;
; EDA Netlist Writer   ; goncalo-Yoga-Pro-7-14ARP8 ; Ubuntu 22.04.3 ; 22         ; x86_64         ;
; EDA Netlist Writer   ; goncalo-Yoga-Pro-7-14ARP8 ; Ubuntu 22.04.3 ; 22         ; x86_64         ;
; EDA Netlist Writer   ; goncalo-Yoga-Pro-7-14ARP8 ; Ubuntu 22.04.3 ; 22         ; x86_64         ;
; EDA Netlist Writer   ; goncalo-Yoga-Pro-7-14ARP8 ; Ubuntu 22.04.3 ; 22         ; x86_64         ;
; EDA Netlist Writer   ; goncalo-Yoga-Pro-7-14ARP8 ; Ubuntu 22.04.3 ; 22         ; x86_64         ;
+----------------------+---------------------------+----------------+------------+----------------+


------------
; Flow Log ;
------------
quartus_map --read_settings_files=on --write_settings_files=off flipFlopD -c flipFlopD
quartus_fit --read_settings_files=off --write_settings_files=off flipFlopD -c flipFlopD
quartus_asm --read_settings_files=off --write_settings_files=off flipFlopD -c flipFlopD
quartus_sta flipFlopD -c flipFlopD
quartus_eda --read_settings_files=off --write_settings_files=off flipFlopD -c flipFlopD
quartus_eda --gen_testbench --tool=modelsim_oem --format=vhdl --write_settings_files=off flipFlopD -c flipFlopD --vector_source=/home/goncalo/repos/aad/practical/vhdl_examples/flipFlopD/flipFlopD.vwf --testbench_file=/home/goncalo/repos/aad/practical/vhdl_examples/flipFlopD/simulation/qsim/flipFlopD.vwf.vht
quartus_eda --write_settings_files=off --simulation=on --functional=on --flatten_buses=off --tool=modelsim_oem --format=vhdl --output_directory=/home/goncalo/repos/aad/practical/vhdl_examples/flipFlopD/simulation/qsim/ flipFlopD -c flipFlopD
quartus_eda --gen_testbench --tool=modelsim_oem --format=vhdl --write_settings_files=off flipFlopD -c flipFlopD --vector_source=/home/goncalo/repos/aad/practical/vhdl_examples/flipFlopD/flipFlopD.vwf --testbench_file=/home/goncalo/repos/aad/practical/vhdl_examples/flipFlopD/simulation/qsim/flipFlopD.vwf.vht
quartus_eda --write_settings_files=off --simulation=on --functional=on --flatten_buses=off --tool=modelsim_oem --format=vhdl --output_directory=/home/goncalo/repos/aad/practical/vhdl_examples/flipFlopD/simulation/qsim/ flipFlopD -c flipFlopD
quartus_eda --gen_testbench --tool=modelsim_oem --format=vhdl --write_settings_files=off flipFlopD -c flipFlopD --vector_source=/home/goncalo/repos/aad/practical/vhdl_examples/flipFlopD/flipFlopD.vwf --testbench_file=/home/goncalo/repos/aad/practical/vhdl_examples/flipFlopD/simulation/qsim/flipFlopD.vwf.vht
quartus_eda --write_settings_files=off --simulation=on --functional=on --flatten_buses=off --tool=modelsim_oem --format=vhdl --output_directory=/home/goncalo/repos/aad/practical/vhdl_examples/flipFlopD/simulation/qsim/ flipFlopD -c flipFlopD
quartus_eda --gen_testbench --tool=modelsim_oem --format=vhdl --write_settings_files=off flipFlopD -c flipFlopD --vector_source=/home/goncalo/repos/aad/practical/vhdl_examples/flipFlopD/flipFlopD.vwf --testbench_file=/home/goncalo/repos/aad/practical/vhdl_examples/flipFlopD/simulation/qsim/flipFlopD.vwf.vht
quartus_eda --write_settings_files=off --simulation=on --functional=on --flatten_buses=off --tool=modelsim_oem --format=vhdl --output_directory=/home/goncalo/repos/aad/practical/vhdl_examples/flipFlopD/simulation/qsim/ flipFlopD -c flipFlopD
quartus_eda --gen_testbench --tool=modelsim_oem --format=vhdl --write_settings_files=off flipFlopD -c flipFlopD --vector_source=/home/goncalo/repos/aad/practical/vhdl_examples/flipFlopD/flipFlopD.vwf --testbench_file=/home/goncalo/repos/aad/practical/vhdl_examples/flipFlopD/simulation/qsim/flipFlopD.vwf.vht
quartus_eda --write_settings_files=off --simulation=on --functional=on --flatten_buses=off --tool=modelsim_oem --format=vhdl --output_directory=/home/goncalo/repos/aad/practical/vhdl_examples/flipFlopD/simulation/qsim/ flipFlopD -c flipFlopD
quartus_eda --gen_testbench --tool=modelsim_oem --format=vhdl --write_settings_files=off flipFlopD -c flipFlopD --vector_source=/home/goncalo/repos/aad/practical/vhdl_examples/flipFlopD/flipFlopD.vwf --testbench_file=/home/goncalo/repos/aad/practical/vhdl_examples/flipFlopD/simulation/qsim/flipFlopD.vwf.vht
quartus_eda --write_settings_files=off --simulation=on --functional=on --flatten_buses=off --tool=modelsim_oem --format=vhdl --output_directory=/home/goncalo/repos/aad/practical/vhdl_examples/flipFlopD/simulation/qsim/ flipFlopD -c flipFlopD



