Analysis & Synthesis report for flipFlopD
Mon Oct 16 17:01:47 2023
Quartus Prime Version 22.1std.2 Build 922 07/20/2023 SC Lite Edition


---------------------
; Table of Contents ;
---------------------
  1. Legal Notice
  2. Analysis & Synthesis Summary
  3. Analysis & Synthesis Settings
  4. Parallel Compilation
  5. Analysis & Synthesis Source Files Read
  6. Analysis & Synthesis Resource Usage Summary
  7. Analysis & Synthesis Resource Utilization by Entity
  8. Logic Cells Representing Combinational Loops
  9. General Register Statistics
 10. Port Connectivity Checks: "latchSR3:sr30"
 11. Port Connectivity Checks: "latchSR2:sr20"
 12. Post-Synthesis Netlist Statistics for Top Partition
 13. Elapsed Time Per Partition
 14. Analysis & Synthesis Messages



----------------
; Legal Notice ;
----------------
Copyright (C) 2023  Intel Corporation. All rights reserved.
Your use of Intel Corporation's design tools, logic functions 
and other software and tools, and any partner logic 
functions, and any output files from any of the foregoing 
(including device programming or simulation files), and any 
associated documentation or information are expressly subject 
to the terms and conditions of the Intel Program License 
Subscription Agreement, the Intel Quartus Prime License Agreement,
the Intel FPGA IP License Agreement, or other applicable license
agreement, including, without limitation, that your use is for
the sole purpose of programming logic devices manufactured by
Intel and sold by Intel or its authorized distributors.  Please
refer to the applicable agreement for further details, at
https://fpgasoftware.intel.com/eula.



+----------------------------------------------------------------------------------+
; Analysis & Synthesis Summary                                                     ;
+---------------------------------+------------------------------------------------+
; Analysis & Synthesis Status     ; Successful - Mon Oct 16 17:01:47 2023          ;
; Quartus Prime Version           ; 22.1std.2 Build 922 07/20/2023 SC Lite Edition ;
; Revision Name                   ; flipFlopD                                      ;
; Top-level Entity Name           ; flipFlopD                                      ;
; Family                          ; Cyclone V                                      ;
; Logic utilization (in ALMs)     ; N/A                                            ;
; Total registers                 ; 0                                              ;
; Total pins                      ; 6                                              ;
; Total virtual pins              ; 0                                              ;
; Total block memory bits         ; 0                                              ;
; Total DSP Blocks                ; 0                                              ;
; Total HSSI RX PCSs              ; 0                                              ;
; Total HSSI PMA RX Deserializers ; 0                                              ;
; Total HSSI TX PCSs              ; 0                                              ;
; Total HSSI PMA TX Serializers   ; 0                                              ;
; Total PLLs                      ; 0                                              ;
; Total DLLs                      ; 0                                              ;
+---------------------------------+------------------------------------------------+


+---------------------------------------------------------------------------------------------------------------------------+
; Analysis & Synthesis Settings                                                                                             ;
+---------------------------------------------------------------------------------+--------------------+--------------------+
; Option                                                                          ; Setting            ; Default Value      ;
+---------------------------------------------------------------------------------+--------------------+--------------------+
; Device                                                                          ; 5CGXFC7C7F23C8     ;                    ;
; Top-level entity name                                                           ; flipFlopD          ; flipFlopD          ;
; Family name                                                                     ; Cyclone V          ; Cyclone V          ;
; Maximum processors allowed for parallel compilation                             ; All                ;                    ;
; Use smart compilation                                                           ; Off                ; Off                ;
; Enable parallel Assembler and Timing Analyzer during compilation                ; On                 ; On                 ;
; Enable compact report table                                                     ; Off                ; Off                ;
; Restructure Multiplexers                                                        ; Auto               ; Auto               ;
; MLAB Add Timing Constraints For Mixed-Port Feed-Through Mode Setting Don't Care ; Off                ; Off                ;
; Create Debugging Nodes for IP Cores                                             ; Off                ; Off                ;
; Preserve fewer node names                                                       ; On                 ; On                 ;
; Intel FPGA IP Evaluation Mode                                                   ; Enable             ; Enable             ;
; Verilog Version                                                                 ; Verilog_2001       ; Verilog_2001       ;
; VHDL Version                                                                    ; VHDL_1993          ; VHDL_1993          ;
; State Machine Processing                                                        ; Auto               ; Auto               ;
; Safe State Machine                                                              ; Off                ; Off                ;
; Extract Verilog State Machines                                                  ; On                 ; On                 ;
; Extract VHDL State Machines                                                     ; On                 ; On                 ;
; Ignore Verilog initial constructs                                               ; Off                ; Off                ;
; Iteration limit for constant Verilog loops                                      ; 5000               ; 5000               ;
; Iteration limit for non-constant Verilog loops                                  ; 250                ; 250                ;
; Add Pass-Through Logic to Inferred RAMs                                         ; On                 ; On                 ;
; Infer RAMs from Raw Logic                                                       ; On                 ; On                 ;
; Parallel Synthesis                                                              ; On                 ; On                 ;
; DSP Block Balancing                                                             ; Auto               ; Auto               ;
; NOT Gate Push-Back                                                              ; On                 ; On                 ;
; Power-Up Don't Care                                                             ; On                 ; On                 ;
; Remove Redundant Logic Cells                                                    ; Off                ; Off                ;
; Remove Duplicate Registers                                                      ; On                 ; On                 ;
; Ignore CARRY Buffers                                                            ; Off                ; Off                ;
; Ignore CASCADE Buffers                                                          ; Off                ; Off                ;
; Ignore GLOBAL Buffers                                                           ; Off                ; Off                ;
; Ignore ROW GLOBAL Buffers                                                       ; Off                ; Off                ;
; Ignore LCELL Buffers                                                            ; Off                ; Off                ;
; Ignore SOFT Buffers                                                             ; On                 ; On                 ;
; Limit AHDL Integers to 32 Bits                                                  ; Off                ; Off                ;
; Optimization Technique                                                          ; Balanced           ; Balanced           ;
; Carry Chain Length                                                              ; 70                 ; 70                 ;
; Auto Carry Chains                                                               ; On                 ; On                 ;
; Auto Open-Drain Pins                                                            ; On                 ; On                 ;
; Perform WYSIWYG Primitive Resynthesis                                           ; Off                ; Off                ;
; Auto ROM Replacement                                                            ; On                 ; On                 ;
; Auto RAM Replacement                                                            ; On                 ; On                 ;
; Auto DSP Block Replacement                                                      ; On                 ; On                 ;
; Auto Shift Register Replacement                                                 ; Auto               ; Auto               ;
; Allow Shift Register Merging across Hierarchies                                 ; Auto               ; Auto               ;
; Auto Clock Enable Replacement                                                   ; On                 ; On                 ;
; Strict RAM Replacement                                                          ; Off                ; Off                ;
; Allow Synchronous Control Signals                                               ; On                 ; On                 ;
; Force Use of Synchronous Clear Signals                                          ; Off                ; Off                ;
; Auto Resource Sharing                                                           ; Off                ; Off                ;
; Allow Any RAM Size For Recognition                                              ; Off                ; Off                ;
; Allow Any ROM Size For Recognition                                              ; Off                ; Off                ;
; Allow Any Shift Register Size For Recognition                                   ; Off                ; Off                ;
; Use LogicLock Constraints during Resource Balancing                             ; On                 ; On                 ;
; Ignore translate_off and synthesis_off directives                               ; Off                ; Off                ;
; Timing-Driven Synthesis                                                         ; On                 ; On                 ;
; Report Parameter Settings                                                       ; On                 ; On                 ;
; Report Source Assignments                                                       ; On                 ; On                 ;
; Report Connectivity Checks                                                      ; On                 ; On                 ;
; Ignore Maximum Fan-Out Assignments                                              ; Off                ; Off                ;
; Synchronization Register Chain Length                                           ; 3                  ; 3                  ;
; Power Optimization During Synthesis                                             ; Normal compilation ; Normal compilation ;
; HDL message level                                                               ; Level2             ; Level2             ;
; Suppress Register Optimization Related Messages                                 ; Off                ; Off                ;
; Number of Removed Registers Reported in Synthesis Report                        ; 5000               ; 5000               ;
; Number of Swept Nodes Reported in Synthesis Report                              ; 5000               ; 5000               ;
; Number of Inverted Registers Reported in Synthesis Report                       ; 100                ; 100                ;
; Clock MUX Protection                                                            ; On                 ; On                 ;
; Auto Gated Clock Conversion                                                     ; Off                ; Off                ;
; Block Design Naming                                                             ; Auto               ; Auto               ;
; SDC constraint protection                                                       ; Off                ; Off                ;
; Synthesis Effort                                                                ; Auto               ; Auto               ;
; Shift Register Replacement - Allow Asynchronous Clear Signal                    ; On                 ; On                 ;
; Pre-Mapping Resynthesis Optimization                                            ; Off                ; Off                ;
; Analysis & Synthesis Message Level                                              ; Medium             ; Medium             ;
; Disable Register Merging Across Hierarchies                                     ; Auto               ; Auto               ;
; Resource Aware Inference For Block RAM                                          ; On                 ; On                 ;
; Automatic Parallel Synthesis                                                    ; On                 ; On                 ;
; Partial Reconfiguration Bitstream ID                                            ; Off                ; Off                ;
+---------------------------------------------------------------------------------+--------------------+--------------------+


+------------------------------------------+
; Parallel Compilation                     ;
+----------------------------+-------------+
; Processors                 ; Number      ;
+----------------------------+-------------+
; Number detected on machine ; 16          ;
; Maximum allowed            ; 16          ;
;                            ;             ;
; Average used               ; 1.00        ;
; Maximum used               ; 1           ;
;                            ;             ;
; Usage by Processor         ; % Time Used ;
;     Processor 1            ; 100.0%      ;
+----------------------------+-------------+


+----------------------------------------------------------------------------------------------------------------------------------------------------------+
; Analysis & Synthesis Source Files Read                                                                                                                   ;
+----------------------------------+-----------------+-----------------+-------------------------------------------------------------------------+---------+
; File Name with User-Entered Path ; Used in Netlist ; File Type       ; File Name with Absolute Path                                            ; Library ;
+----------------------------------+-----------------+-----------------+-------------------------------------------------------------------------+---------+
; flipFlopD.vhd                    ; yes             ; User VHDL File  ; /home/goncalo/repos/aad/practical/vhdl_examples/flipFlopD/flipFlopD.vhd ;         ;
+----------------------------------+-----------------+-----------------+-------------------------------------------------------------------------+---------+


+---------------------------------------------------------------------------------+
; Analysis & Synthesis Resource Usage Summary                                     ;
+---------------------------------------------+-----------------------------------+
; Resource                                    ; Usage                             ;
+---------------------------------------------+-----------------------------------+
; Estimate of Logic utilization (ALMs needed) ; 2                                 ;
;                                             ;                                   ;
; Combinational ALUT usage for logic          ; 4                                 ;
;     -- 7 input functions                    ; 0                                 ;
;     -- 6 input functions                    ; 0                                 ;
;     -- 5 input functions                    ; 4                                 ;
;     -- 4 input functions                    ; 0                                 ;
;     -- <=3 input functions                  ; 0                                 ;
;                                             ;                                   ;
; Dedicated logic registers                   ; 0                                 ;
;                                             ;                                   ;
; I/O pins                                    ; 6                                 ;
;                                             ;                                   ;
; Total DSP Blocks                            ; 0                                 ;
;                                             ;                                   ;
; Maximum fan-out node                        ; latchSR3:sr30|gateNand3:nand0|y~1 ;
; Maximum fan-out                             ; 4                                 ;
; Total fan-out                               ; 28                                ;
; Average fan-out                             ; 1.75                              ;
+---------------------------------------------+-----------------------------------+


+-------------------------------------------------------------------------------------------------------------------------------------------------------------------------------------------------------------+
; Analysis & Synthesis Resource Utilization by Entity                                                                                                                                                         ;
+----------------------------+---------------------+---------------------------+-------------------+------------+------+--------------+------------------------------------------+-------------+--------------+
; Compilation Hierarchy Node ; Combinational ALUTs ; Dedicated Logic Registers ; Block Memory Bits ; DSP Blocks ; Pins ; Virtual Pins ; Full Hierarchy Name                      ; Entity Name ; Library Name ;
+----------------------------+---------------------+---------------------------+-------------------+------------+------+--------------+------------------------------------------+-------------+--------------+
; |flipFlopD                 ; 4 (0)               ; 0 (0)                     ; 0                 ; 0          ; 6    ; 0            ; |flipFlopD                               ; flipFlopD   ; work         ;
;    |latchSR2:sr20|         ; 1 (0)               ; 0 (0)                     ; 0                 ; 0          ; 0    ; 0            ; |flipFlopD|latchSR2:sr20                 ; latchSR2    ; work         ;
;       |gateNand2:nand0|    ; 1 (1)               ; 0 (0)                     ; 0                 ; 0          ; 0    ; 0            ; |flipFlopD|latchSR2:sr20|gateNand2:nand0 ; gateNand2   ; work         ;
;    |latchSR3:sr30|         ; 1 (0)               ; 0 (0)                     ; 0                 ; 0          ; 0    ; 0            ; |flipFlopD|latchSR3:sr30                 ; latchSR3    ; work         ;
;       |gateNand3:nand0|    ; 1 (1)               ; 0 (0)                     ; 0                 ; 0          ; 0    ; 0            ; |flipFlopD|latchSR3:sr30|gateNand3:nand0 ; gateNand3   ; work         ;
;    |latchSR3:sr31|         ; 2 (0)               ; 0 (0)                     ; 0                 ; 0          ; 0    ; 0            ; |flipFlopD|latchSR3:sr31                 ; latchSR3    ; work         ;
;       |gateNand3:nand0|    ; 1 (1)               ; 0 (0)                     ; 0                 ; 0          ; 0    ; 0            ; |flipFlopD|latchSR3:sr31|gateNand3:nand0 ; gateNand3   ; work         ;
;       |gateNand3:nand1|    ; 1 (1)               ; 0 (0)                     ; 0                 ; 0          ; 0    ; 0            ; |flipFlopD|latchSR3:sr31|gateNand3:nand1 ; gateNand3   ; work         ;
+----------------------------+---------------------+---------------------------+-------------------+------------+------+--------------+------------------------------------------+-------------+--------------+
Note: For table entries with two numbers listed, the numbers in parentheses indicate the number of resources of the given type used by the specific entity alone. The numbers listed outside of parentheses indicate the total resources of the given type used by the specific entity and all of its sub-entities in the hierarchy.


+------------------------------------------------------------+
; Logic Cells Representing Combinational Loops               ;
+--------------------------------------------------------+---+
; Logic Cell Name                                        ;   ;
+--------------------------------------------------------+---+
; latchSR3:sr31|gateNand3:nand0|y~0                      ;   ;
; latchSR3:sr30|gateNand3:nand0|y~0                      ;   ;
; latchSR2:sr20|gateNand2:nand0|y~0                      ;   ;
; Number of logic cells representing combinational loops ; 3 ;
+--------------------------------------------------------+---+
Note: All cells listed above may not be present at the end of synthesis due to various synthesis optimizations.


+------------------------------------------------------+
; General Register Statistics                          ;
+----------------------------------------------+-------+
; Statistic                                    ; Value ;
+----------------------------------------------+-------+
; Total registers                              ; 0     ;
; Number of registers using Synchronous Clear  ; 0     ;
; Number of registers using Synchronous Load   ; 0     ;
; Number of registers using Asynchronous Clear ; 0     ;
; Number of registers using Asynchronous Load  ; 0     ;
; Number of registers using Clock Enable       ; 0     ;
; Number of registers using Preset             ; 0     ;
+----------------------------------------------+-------+


+----------------------------------------------------------------------------------------------------------------+
; Port Connectivity Checks: "latchSR3:sr30"                                                                      ;
+------+--------+----------+-------------------------------------------------------------------------------------+
; Port ; Type   ; Severity ; Details                                                                             ;
+------+--------+----------+-------------------------------------------------------------------------------------+
; nq   ; Output ; Info     ; Connected to dangling logic. Logic that only feeds a dangling port will be removed. ;
+------+--------+----------+-------------------------------------------------------------------------------------+


+----------------------------------------------------------------------------------------------------------------+
; Port Connectivity Checks: "latchSR2:sr20"                                                                      ;
+------+--------+----------+-------------------------------------------------------------------------------------+
; Port ; Type   ; Severity ; Details                                                                             ;
+------+--------+----------+-------------------------------------------------------------------------------------+
; nq   ; Output ; Info     ; Connected to dangling logic. Logic that only feeds a dangling port will be removed. ;
+------+--------+----------+-------------------------------------------------------------------------------------+


+-----------------------------------------------------+
; Post-Synthesis Netlist Statistics for Top Partition ;
+-----------------------+-----------------------------+
; Type                  ; Count                       ;
+-----------------------+-----------------------------+
; arriav_lcell_comb     ; 6                           ;
;     normal            ; 6                           ;
;         1 data inputs ; 2                           ;
;         5 data inputs ; 4                           ;
; boundary_port         ; 6                           ;
;                       ;                             ;
; Max LUT depth         ; 2.00                        ;
; Average LUT depth     ; 1.54                        ;
+-----------------------+-----------------------------+


+-------------------------------+
; Elapsed Time Per Partition    ;
+----------------+--------------+
; Partition Name ; Elapsed Time ;
+----------------+--------------+
; Top            ; 00:00:00     ;
+----------------+--------------+


+-------------------------------+
; Analysis & Synthesis Messages ;
+-------------------------------+
Info: *******************************************************************
Info: Running Quartus Prime Analysis & Synthesis
    Info: Version 22.1std.2 Build 922 07/20/2023 SC Lite Edition
    Info: Processing started: Mon Oct 16 17:01:41 2023
Info: Command: quartus_map --read_settings_files=on --write_settings_files=off flipFlopD -c flipFlopD
Info (20030): Parallel compilation is enabled and will use 16 of the 16 processors detected
Info (12021): Found 14 design units, including 7 entities, in source file flipFlopD.vhd
    Info (12022): Found design unit 1: gateInv-logicFunction File: /home/goncalo/repos/aad/practical/vhdl_examples/flipFlopD/flipFlopD.vhd Line: 9
    Info (12022): Found design unit 2: gateNand2-logicFunction File: /home/goncalo/repos/aad/practical/vhdl_examples/flipFlopD/flipFlopD.vhd Line: 22
    Info (12022): Found design unit 3: gateNand3-logicFunction File: /home/goncalo/repos/aad/practical/vhdl_examples/flipFlopD/flipFlopD.vhd Line: 35
    Info (12022): Found design unit 4: gateNand4-logicFunction File: /home/goncalo/repos/aad/practical/vhdl_examples/flipFlopD/flipFlopD.vhd Line: 48
    Info (12022): Found design unit 5: latchSR2-structure File: /home/goncalo/repos/aad/practical/vhdl_examples/flipFlopD/flipFlopD.vhd Line: 61
    Info (12022): Found design unit 6: latchSR3-structure File: /home/goncalo/repos/aad/practical/vhdl_examples/flipFlopD/flipFlopD.vhd Line: 85
    Info (12022): Found design unit 7: flipFlopD-structure File: /home/goncalo/repos/aad/practical/vhdl_examples/flipFlopD/flipFlopD.vhd Line: 112
    Info (12023): Found entity 1: gateInv File: /home/goncalo/repos/aad/practical/vhdl_examples/flipFlopD/flipFlopD.vhd Line: 4
    Info (12023): Found entity 2: gateNand2 File: /home/goncalo/repos/aad/practical/vhdl_examples/flipFlopD/flipFlopD.vhd Line: 17
    Info (12023): Found entity 3: gateNand3 File: /home/goncalo/repos/aad/practical/vhdl_examples/flipFlopD/flipFlopD.vhd Line: 30
    Info (12023): Found entity 4: gateNand4 File: /home/goncalo/repos/aad/practical/vhdl_examples/flipFlopD/flipFlopD.vhd Line: 43
    Info (12023): Found entity 5: latchSR2 File: /home/goncalo/repos/aad/practical/vhdl_examples/flipFlopD/flipFlopD.vhd Line: 56
    Info (12023): Found entity 6: latchSR3 File: /home/goncalo/repos/aad/practical/vhdl_examples/flipFlopD/flipFlopD.vhd Line: 80
    Info (12023): Found entity 7: flipFlopD File: /home/goncalo/repos/aad/practical/vhdl_examples/flipFlopD/flipFlopD.vhd Line: 106
Info (12127): Elaborating entity "flipFlopD" for the top level hierarchy
Warning (10036): Verilog HDL or VHDL warning at flipFlopD.vhd(113): object "nckQ" assigned a value but never read File: /home/goncalo/repos/aad/practical/vhdl_examples/flipFlopD/flipFlopD.vhd Line: 113
Warning (10036): Verilog HDL or VHDL warning at flipFlopD.vhd(115): object "nLock" assigned a value but never read File: /home/goncalo/repos/aad/practical/vhdl_examples/flipFlopD/flipFlopD.vhd Line: 115
Info (12128): Elaborating entity "gateNand2" for hierarchy "gateNand2:nand20" File: /home/goncalo/repos/aad/practical/vhdl_examples/flipFlopD/flipFlopD.vhd Line: 142
Info (12128): Elaborating entity "latchSR2" for hierarchy "latchSR2:sr20" File: /home/goncalo/repos/aad/practical/vhdl_examples/flipFlopD/flipFlopD.vhd Line: 143
Info (12128): Elaborating entity "gateNand4" for hierarchy "gateNand4:nand40" File: /home/goncalo/repos/aad/practical/vhdl_examples/flipFlopD/flipFlopD.vhd Line: 144
Info (12128): Elaborating entity "gateInv" for hierarchy "gateInv:inv0" File: /home/goncalo/repos/aad/practical/vhdl_examples/flipFlopD/flipFlopD.vhd Line: 145
Info (12128): Elaborating entity "gateNand3" for hierarchy "gateNand3:nand30" File: /home/goncalo/repos/aad/practical/vhdl_examples/flipFlopD/flipFlopD.vhd Line: 146
Info (12128): Elaborating entity "latchSR3" for hierarchy "latchSR3:sr30" File: /home/goncalo/repos/aad/practical/vhdl_examples/flipFlopD/flipFlopD.vhd Line: 147
Info (286030): Timing-Driven Synthesis is running
Info (16010): Generating hard_block partition "hard_block:auto_generated_inst"
    Info (16011): Adding 0 node(s), including 0 DDIO, 0 PLL, 0 transceiver and 0 LCELL
Info (21057): Implemented 10 device resources after synthesis - the final resource count might be different
    Info (21058): Implemented 4 input pins
    Info (21059): Implemented 2 output pins
    Info (21061): Implemented 4 logic cells
Info: Quartus Prime Analysis & Synthesis was successful. 0 errors, 2 warnings
    Info: Peak virtual memory: 499 megabytes
    Info: Processing ended: Mon Oct 16 17:01:47 2023
    Info: Elapsed time: 00:00:06
    Info: Total CPU time (on all processors): 00:00:18


